Analysis & Synthesis report for SwitchVGA
Wed May 21 14:51:44 2025
Quartus Prime Version 23.1std.1 Build 993 05/14/2024 SC Lite Edition


---------------------
; Table of Contents ;
---------------------
  1. Legal Notice
  2. Analysis & Synthesis Summary
  3. Analysis & Synthesis Settings
  4. Parallel Compilation
  5. Analysis & Synthesis Source Files Read
  6. Analysis & Synthesis Resource Usage Summary
  7. Analysis & Synthesis Resource Utilization by Entity
  8. Registers Removed During Synthesis
  9. General Register Statistics
 10. Inverted Register Statistics
 11. Multiplexer Restructuring Statistics (Restructuring Performed)
 12. Parameter Settings for User Entity Instance: vga_controller:vga
 13. Port Connectivity Checks: "top_vga_display:display|screen_ram:screen_ram"
 14. Port Connectivity Checks: "top_vga_display:display|ascii_char:ascii_char"
 15. Post-Synthesis Netlist Statistics for Top Partition
 16. Elapsed Time Per Partition
 17. Analysis & Synthesis Messages
 18. Analysis & Synthesis Suppressed Messages



----------------
; Legal Notice ;
----------------
Copyright (C) 2024  Intel Corporation. All rights reserved.
Your use of Intel Corporation's design tools, logic functions 
and other software and tools, and any partner logic 
functions, and any output files from any of the foregoing 
(including device programming or simulation files), and any 
associated documentation or information are expressly subject 
to the terms and conditions of the Intel Program License 
Subscription Agreement, the Intel Quartus Prime License Agreement,
the Intel FPGA IP License Agreement, or other applicable license
agreement, including, without limitation, that your use is for
the sole purpose of programming logic devices manufactured by
Intel and sold by Intel or its authorized distributors.  Please
refer to the applicable agreement for further details, at
https://fpgasoftware.intel.com/eula.



+----------------------------------------------------------------------------------+
; Analysis & Synthesis Summary                                                     ;
+---------------------------------+------------------------------------------------+
; Analysis & Synthesis Status     ; Successful - Wed May 21 14:51:44 2025          ;
; Quartus Prime Version           ; 23.1std.1 Build 993 05/14/2024 SC Lite Edition ;
; Revision Name                   ; SwitchVGA                                      ;
; Top-level Entity Name           ; SwitchVGA                                      ;
; Family                          ; Cyclone V                                      ;
; Logic utilization (in ALMs)     ; N/A                                            ;
; Total registers                 ; 56                                             ;
; Total pins                      ; 35                                             ;
; Total virtual pins              ; 0                                              ;
; Total block memory bits         ; 0                                              ;
; Total DSP Blocks                ; 0                                              ;
; Total HSSI RX PCSs              ; 0                                              ;
; Total HSSI PMA RX Deserializers ; 0                                              ;
; Total HSSI TX PCSs              ; 0                                              ;
; Total HSSI PMA TX Serializers   ; 0                                              ;
; Total PLLs                      ; 0                                              ;
; Total DLLs                      ; 0                                              ;
+---------------------------------+------------------------------------------------+


+---------------------------------------------------------------------------------------------------------------------------+
; Analysis & Synthesis Settings                                                                                             ;
+---------------------------------------------------------------------------------+--------------------+--------------------+
; Option                                                                          ; Setting            ; Default Value      ;
+---------------------------------------------------------------------------------+--------------------+--------------------+
; Device                                                                          ; 5CSEMA5F31C6       ;                    ;
; Top-level entity name                                                           ; SwitchVGA          ; SwitchVGA          ;
; Family name                                                                     ; Cyclone V          ; Cyclone V          ;
; Use smart compilation                                                           ; Off                ; Off                ;
; Enable parallel Assembler and Timing Analyzer during compilation                ; On                 ; On                 ;
; Enable compact report table                                                     ; Off                ; Off                ;
; Restructure Multiplexers                                                        ; Auto               ; Auto               ;
; MLAB Add Timing Constraints For Mixed-Port Feed-Through Mode Setting Don't Care ; Off                ; Off                ;
; Create Debugging Nodes for IP Cores                                             ; Off                ; Off                ;
; Preserve fewer node names                                                       ; On                 ; On                 ;
; Intel FPGA IP Evaluation Mode                                                   ; Enable             ; Enable             ;
; Verilog Version                                                                 ; Verilog_2001       ; Verilog_2001       ;
; VHDL Version                                                                    ; VHDL_1993          ; VHDL_1993          ;
; State Machine Processing                                                        ; Auto               ; Auto               ;
; Safe State Machine                                                              ; Off                ; Off                ;
; Extract Verilog State Machines                                                  ; On                 ; On                 ;
; Extract VHDL State Machines                                                     ; On                 ; On                 ;
; Ignore Verilog initial constructs                                               ; Off                ; Off                ;
; Iteration limit for constant Verilog loops                                      ; 5000               ; 5000               ;
; Iteration limit for non-constant Verilog loops                                  ; 250                ; 250                ;
; Add Pass-Through Logic to Inferred RAMs                                         ; On                 ; On                 ;
; Infer RAMs from Raw Logic                                                       ; On                 ; On                 ;
; Parallel Synthesis                                                              ; On                 ; On                 ;
; DSP Block Balancing                                                             ; Auto               ; Auto               ;
; NOT Gate Push-Back                                                              ; On                 ; On                 ;
; Power-Up Don't Care                                                             ; On                 ; On                 ;
; Remove Redundant Logic Cells                                                    ; Off                ; Off                ;
; Remove Duplicate Registers                                                      ; On                 ; On                 ;
; Ignore CARRY Buffers                                                            ; Off                ; Off                ;
; Ignore CASCADE Buffers                                                          ; Off                ; Off                ;
; Ignore GLOBAL Buffers                                                           ; Off                ; Off                ;
; Ignore ROW GLOBAL Buffers                                                       ; Off                ; Off                ;
; Ignore LCELL Buffers                                                            ; Off                ; Off                ;
; Ignore SOFT Buffers                                                             ; On                 ; On                 ;
; Limit AHDL Integers to 32 Bits                                                  ; Off                ; Off                ;
; Optimization Technique                                                          ; Balanced           ; Balanced           ;
; Carry Chain Length                                                              ; 70                 ; 70                 ;
; Auto Carry Chains                                                               ; On                 ; On                 ;
; Auto Open-Drain Pins                                                            ; On                 ; On                 ;
; Perform WYSIWYG Primitive Resynthesis                                           ; Off                ; Off                ;
; Auto ROM Replacement                                                            ; On                 ; On                 ;
; Auto RAM Replacement                                                            ; On                 ; On                 ;
; Auto DSP Block Replacement                                                      ; On                 ; On                 ;
; Auto Shift Register Replacement                                                 ; Auto               ; Auto               ;
; Allow Shift Register Merging across Hierarchies                                 ; Auto               ; Auto               ;
; Auto Clock Enable Replacement                                                   ; On                 ; On                 ;
; Strict RAM Replacement                                                          ; Off                ; Off                ;
; Allow Synchronous Control Signals                                               ; On                 ; On                 ;
; Force Use of Synchronous Clear Signals                                          ; Off                ; Off                ;
; Auto Resource Sharing                                                           ; Off                ; Off                ;
; Allow Any RAM Size For Recognition                                              ; Off                ; Off                ;
; Allow Any ROM Size For Recognition                                              ; Off                ; Off                ;
; Allow Any Shift Register Size For Recognition                                   ; Off                ; Off                ;
; Use LogicLock Constraints during Resource Balancing                             ; On                 ; On                 ;
; Ignore translate_off and synthesis_off directives                               ; Off                ; Off                ;
; Timing-Driven Synthesis                                                         ; On                 ; On                 ;
; Report Parameter Settings                                                       ; On                 ; On                 ;
; Report Source Assignments                                                       ; On                 ; On                 ;
; Report Connectivity Checks                                                      ; On                 ; On                 ;
; Ignore Maximum Fan-Out Assignments                                              ; Off                ; Off                ;
; Synchronization Register Chain Length                                           ; 3                  ; 3                  ;
; Power Optimization During Synthesis                                             ; Normal compilation ; Normal compilation ;
; HDL message level                                                               ; Level2             ; Level2             ;
; Suppress Register Optimization Related Messages                                 ; Off                ; Off                ;
; Number of Removed Registers Reported in Synthesis Report                        ; 5000               ; 5000               ;
; Number of Swept Nodes Reported in Synthesis Report                              ; 5000               ; 5000               ;
; Number of Inverted Registers Reported in Synthesis Report                       ; 100                ; 100                ;
; Clock MUX Protection                                                            ; On                 ; On                 ;
; Auto Gated Clock Conversion                                                     ; Off                ; Off                ;
; Block Design Naming                                                             ; Auto               ; Auto               ;
; SDC constraint protection                                                       ; Off                ; Off                ;
; Synthesis Effort                                                                ; Auto               ; Auto               ;
; Shift Register Replacement - Allow Asynchronous Clear Signal                    ; On                 ; On                 ;
; Pre-Mapping Resynthesis Optimization                                            ; Off                ; Off                ;
; Analysis & Synthesis Message Level                                              ; Medium             ; Medium             ;
; Disable Register Merging Across Hierarchies                                     ; Auto               ; Auto               ;
; Resource Aware Inference For Block RAM                                          ; On                 ; On                 ;
; Automatic Parallel Synthesis                                                    ; On                 ; On                 ;
; Partial Reconfiguration Bitstream ID                                            ; Off                ; Off                ;
+---------------------------------------------------------------------------------+--------------------+--------------------+


+------------------------------------------+
; Parallel Compilation                     ;
+----------------------------+-------------+
; Processors                 ; Number      ;
+----------------------------+-------------+
; Number detected on machine ; 12          ;
; Maximum allowed            ; 12          ;
;                            ;             ;
; Average used               ; 1.00        ;
; Maximum used               ; 12          ;
;                            ;             ;
; Usage by Processor         ; % Time Used ;
;     Processor 1            ; 100.0%      ;
;     Processors 2-12        ;   0.0%      ;
+----------------------------+-------------+


+----------------------------------------------------------------------------------------------------------------------------------------------------------------------------------------+
; Analysis & Synthesis Source Files Read                                                                                                                                                 ;
+----------------------------------+-----------------+---------------------------------------------+---------------------------------------------------------------------------+---------+
; File Name with User-Entered Path ; Used in Netlist ; File Type                                   ; File Name with Absolute Path                                              ; Library ;
+----------------------------------+-----------------+---------------------------------------------+---------------------------------------------------------------------------+---------+
; src/vga_controller.v             ; yes             ; User Verilog HDL File                       ; C:/Users/corra/OneDrive/Documentos/GitHub/SwitchVGA/src/vga_controller.v  ;         ;
; src/clock50_25.v                 ; yes             ; User Verilog HDL File                       ; C:/Users/corra/OneDrive/Documentos/GitHub/SwitchVGA/src/clock50_25.v      ;         ;
; src/char_rom_file.v              ; yes             ; User Verilog HDL File                       ; C:/Users/corra/OneDrive/Documentos/GitHub/SwitchVGA/src/char_rom_file.v   ;         ;
; src/ascii_test.v                 ; yes             ; User Verilog HDL File                       ; C:/Users/corra/OneDrive/Documentos/GitHub/SwitchVGA/src/ascii_test.v      ;         ;
; src/screen_ram.v                 ; yes             ; User Verilog HDL File                       ; C:/Users/corra/OneDrive/Documentos/GitHub/SwitchVGA/src/screen_ram.v      ;         ;
; src/SwitchVGA.v                  ; yes             ; User Verilog HDL File                       ; C:/Users/corra/OneDrive/Documentos/GitHub/SwitchVGA/src/SwitchVGA.v       ;         ;
; src/top_vga_display.v            ; yes             ; User Verilog HDL File                       ; C:/Users/corra/OneDrive/Documentos/GitHub/SwitchVGA/src/top_vga_display.v ;         ;
; src/to_ascii.v                   ; yes             ; User Verilog HDL File                       ; C:/Users/corra/OneDrive/Documentos/GitHub/SwitchVGA/src/to_ascii.v        ;         ;
; src/charromf.hex                 ; yes             ; Auto-Found Hexadecimal (Intel-Format) File  ; C:/Users/corra/OneDrive/Documentos/GitHub/SwitchVGA/src/charromf.hex      ;         ;
; src/screen_ram.hex               ; yes             ; Auto-Found Hexadecimal (Intel-Format) File  ; C:/Users/corra/OneDrive/Documentos/GitHub/SwitchVGA/src/screen_ram.hex    ;         ;
+----------------------------------+-----------------+---------------------------------------------+---------------------------------------------------------------------------+---------+


+---------------------------------------------------------------------------------+
; Analysis & Synthesis Resource Usage Summary                                     ;
+---------------------------------------------+-----------------------------------+
; Resource                                    ; Usage                             ;
+---------------------------------------------+-----------------------------------+
; Estimate of Logic utilization (ALMs needed) ; 230                               ;
;                                             ;                                   ;
; Combinational ALUT usage for logic          ; 270                               ;
;     -- 7 input functions                    ; 29                                ;
;     -- 6 input functions                    ; 157                               ;
;     -- 5 input functions                    ; 23                                ;
;     -- 4 input functions                    ; 26                                ;
;     -- <=3 input functions                  ; 35                                ;
;                                             ;                                   ;
; Dedicated logic registers                   ; 56                                ;
;                                             ;                                   ;
; I/O pins                                    ; 35                                ;
;                                             ;                                   ;
; Total DSP Blocks                            ; 0                                 ;
;                                             ;                                   ;
; Maximum fan-out node                        ; vga_controller:vga|v_count_reg[3] ;
; Maximum fan-out                             ; 130                               ;
; Total fan-out                               ; 1686                              ;
; Average fan-out                             ; 4.26                              ;
+---------------------------------------------+-----------------------------------+


+-------------------------------------------------------------------------------------------------------------------------------------------------------------------------------------------------------------------------------------------------+
; Analysis & Synthesis Resource Utilization by Entity                                                                                                                                                                                             ;
+-------------------------------+---------------------+---------------------------+-------------------+------------+------+--------------+-----------------------------------------------------------------------+-----------------+--------------+
; Compilation Hierarchy Node    ; Combinational ALUTs ; Dedicated Logic Registers ; Block Memory Bits ; DSP Blocks ; Pins ; Virtual Pins ; Full Hierarchy Name                                                   ; Entity Name     ; Library Name ;
+-------------------------------+---------------------+---------------------------+-------------------+------------+------+--------------+-----------------------------------------------------------------------+-----------------+--------------+
; |SwitchVGA                    ; 270 (0)             ; 56 (0)                    ; 0                 ; 0          ; 35   ; 0            ; |SwitchVGA                                                            ; SwitchVGA       ; work         ;
;    |top_vga_display:display|  ; 241 (0)             ; 13 (0)                    ; 0                 ; 0          ; 0    ; 0            ; |SwitchVGA|top_vga_display:display                                    ; top_vga_display ; work         ;
;       |ascii_char:ascii_char| ; 218 (4)             ; 0 (0)                     ; 0                 ; 0          ; 0    ; 0            ; |SwitchVGA|top_vga_display:display|ascii_char:ascii_char              ; ascii_char      ; work         ;
;          |char_rom:rom|       ; 214 (214)           ; 0 (0)                     ; 0                 ; 0          ; 0    ; 0            ; |SwitchVGA|top_vga_display:display|ascii_char:ascii_char|char_rom:rom ; char_rom        ; work         ;
;       |screen_ram:screen_ram| ; 18 (18)             ; 13 (13)                   ; 0                 ; 0          ; 0    ; 0            ; |SwitchVGA|top_vga_display:display|screen_ram:screen_ram              ; screen_ram      ; work         ;
;       |to_ascii:to_ascii|     ; 5 (5)               ; 0 (0)                     ; 0                 ; 0          ; 0    ; 0            ; |SwitchVGA|top_vga_display:display|to_ascii:to_ascii                  ; to_ascii        ; work         ;
;    |vga_controller:vga|       ; 29 (27)             ; 43 (42)                   ; 0                 ; 0          ; 0    ; 0            ; |SwitchVGA|vga_controller:vga                                         ; vga_controller  ; work         ;
;       |clock50_25:c|          ; 2 (2)               ; 1 (1)                     ; 0                 ; 0          ; 0    ; 0            ; |SwitchVGA|vga_controller:vga|clock50_25:c                            ; clock50_25      ; work         ;
+-------------------------------+---------------------+---------------------------+-------------------+------------+------+--------------+-----------------------------------------------------------------------+-----------------+--------------+
Note: For table entries with two numbers listed, the numbers in parentheses indicate the number of resources of the given type used by the specific entity alone. The numbers listed outside of parentheses indicate the total resources of the given type used by the specific entity and all of its sub-entities in the hierarchy.


+-------------------------------------------------------------------------------------------------------------------------------------------------+
; Registers Removed During Synthesis                                                                                                              ;
+------------------------------------------------------------------+------------------------------------------------------------------------------+
; Register name                                                    ; Reason for Removal                                                           ;
+------------------------------------------------------------------+------------------------------------------------------------------------------+
; top_vga_display:display|screen_ram:screen_ram|screenRam[2485][6] ; Merged with top_vga_display:display|screen_ram:screen_ram|screenRam[2485][5] ;
; vga_controller:vga|clock50_25:c|state[1]                         ; Lost fanout                                                                  ;
; Total Number of Removed Registers = 2                            ;                                                                              ;
+------------------------------------------------------------------+------------------------------------------------------------------------------+


+------------------------------------------------------+
; General Register Statistics                          ;
+----------------------------------------------+-------+
; Statistic                                    ; Value ;
+----------------------------------------------+-------+
; Total registers                              ; 56    ;
; Number of registers using Synchronous Clear  ; 20    ;
; Number of registers using Synchronous Load   ; 0     ;
; Number of registers using Asynchronous Clear ; 42    ;
; Number of registers using Asynchronous Load  ; 0     ;
; Number of registers using Clock Enable       ; 10    ;
; Number of registers using Preset             ; 0     ;
+----------------------------------------------+-------+


+----------------------------------------------------------------------------+
; Inverted Register Statistics                                               ;
+------------------------------------------------------------------+---------+
; Inverted Register                                                ; Fan out ;
+------------------------------------------------------------------+---------+
; top_vga_display:display|screen_ram:screen_ram|screenRam[2485][5] ; 2       ;
; Total number of inverted registers = 1                           ;         ;
+------------------------------------------------------------------+---------+


+--------------------------------------------------------------------------------------------------------------------------------------------------------------------------------+
; Multiplexer Restructuring Statistics (Restructuring Performed)                                                                                                                 ;
+--------------------+-----------+---------------+----------------------+------------------------+------------+------------------------------------------------------------------+
; Multiplexer Inputs ; Bus Width ; Baseline Area ; Area if Restructured ; Saving if Restructured ; Registered ; Example Multiplexer Output                                       ;
+--------------------+-----------+---------------+----------------------+------------------------+------------+------------------------------------------------------------------+
; 4096:1             ; 7 bits    ; 19110 LEs     ; 420 LEs              ; 18690 LEs              ; Yes        ; |SwitchVGA|top_vga_display:display|screen_ram:screen_ram|data[0] ;
+--------------------+-----------+---------------+----------------------+------------------------+------------+------------------------------------------------------------------+


+-----------------------------------------------------------------+
; Parameter Settings for User Entity Instance: vga_controller:vga ;
+----------------+-------+----------------------------------------+
; Parameter Name ; Value ; Type                                   ;
+----------------+-------+----------------------------------------+
; HD             ; 640   ; Signed Integer                         ;
; HF             ; 48    ; Signed Integer                         ;
; HB             ; 16    ; Signed Integer                         ;
; HR             ; 96    ; Signed Integer                         ;
; HMAX           ; 799   ; Signed Integer                         ;
; VD             ; 480   ; Signed Integer                         ;
; VF             ; 10    ; Signed Integer                         ;
; VB             ; 33    ; Signed Integer                         ;
; VR             ; 2     ; Signed Integer                         ;
; VMAX           ; 524   ; Signed Integer                         ;
+----------------+-------+----------------------------------------+
Note: In order to hide this table in the UI and the text report file, please set the "Show Parameter Settings in Synthesis Report" option in "Analysis and Synthesis Settings -> More Settings" to "Off".


+---------------------------------------------------------------------------+
; Port Connectivity Checks: "top_vga_display:display|screen_ram:screen_ram" ;
+------+-------+----------+-------------------------------------------------+
; Port ; Type  ; Severity ; Details                                         ;
+------+-------+----------+-------------------------------------------------+
; we   ; Input ; Info     ; Stuck at VCC                                    ;
+------+-------+----------+-------------------------------------------------+


+------------------------------------------------------------------------------------------------------------------------------------------------------------------------+
; Port Connectivity Checks: "top_vga_display:display|ascii_char:ascii_char"                                                                                              ;
+------+-------+----------+----------------------------------------------------------------------------------------------------------------------------------------------+
; Port ; Type  ; Severity ; Details                                                                                                                                      ;
+------+-------+----------+----------------------------------------------------------------------------------------------------------------------------------------------+
; clk  ; Input ; Warning  ; Declared by entity but not connected by instance. If a default value exists, it will be used.  Otherwise, the port will be connected to GND. ;
+------+-------+----------+----------------------------------------------------------------------------------------------------------------------------------------------+


+-----------------------------------------------------+
; Post-Synthesis Netlist Statistics for Top Partition ;
+-----------------------+-----------------------------+
; Type                  ; Count                       ;
+-----------------------+-----------------------------+
; arriav_ff             ; 56                          ;
;     CLR               ; 22                          ;
;     CLR SCLR          ; 10                          ;
;     ENA CLR SCLR      ; 10                          ;
;     plain             ; 14                          ;
; arriav_lcell_comb     ; 272                         ;
;     arith             ; 20                          ;
;         1 data inputs ; 20                          ;
;     extend            ; 29                          ;
;         7 data inputs ; 29                          ;
;     normal            ; 223                         ;
;         0 data inputs ; 1                           ;
;         1 data inputs ; 3                           ;
;         2 data inputs ; 4                           ;
;         3 data inputs ; 9                           ;
;         4 data inputs ; 26                          ;
;         5 data inputs ; 23                          ;
;         6 data inputs ; 157                         ;
; boundary_port         ; 35                          ;
;                       ;                             ;
; Max LUT depth         ; 8.00                        ;
; Average LUT depth     ; 4.89                        ;
+-----------------------+-----------------------------+


+-------------------------------+
; Elapsed Time Per Partition    ;
+----------------+--------------+
; Partition Name ; Elapsed Time ;
+----------------+--------------+
; Top            ; 00:00:00     ;
+----------------+--------------+


+-------------------------------+
; Analysis & Synthesis Messages ;
+-------------------------------+
Info: *******************************************************************
Info: Running Quartus Prime Analysis & Synthesis
    Info: Version 23.1std.1 Build 993 05/14/2024 SC Lite Edition
    Info: Processing started: Wed May 21 14:51:03 2025
Info: Command: quartus_map --read_settings_files=on --write_settings_files=off SwitchVGA -c SwitchVGA
Warning (18236): Number of processors has not been specified which may cause overloading on shared machines.  Set the global assignment NUM_PARALLEL_PROCESSORS in your QSF to an appropriate value for best performance.
Info (20030): Parallel compilation is enabled and will use 12 of the 12 processors detected
Info (12021): Found 1 design units, including 1 entities, in source file src/vga_controller.v
    Info (12023): Found entity 1: vga_controller File: C:/Users/corra/OneDrive/Documentos/GitHub/SwitchVGA/src/vga_controller.v Line: 1
Info (12021): Found 1 design units, including 1 entities, in source file src/clock50_25.v
    Info (12023): Found entity 1: clock50_25 File: C:/Users/corra/OneDrive/Documentos/GitHub/SwitchVGA/src/clock50_25.v Line: 1
Info (12021): Found 1 design units, including 1 entities, in source file src/char_rom_file.v
    Info (12023): Found entity 1: char_rom File: C:/Users/corra/OneDrive/Documentos/GitHub/SwitchVGA/src/char_rom_file.v Line: 1
Info (12021): Found 1 design units, including 1 entities, in source file src/ascii_test.v
    Info (12023): Found entity 1: ascii_char File: C:/Users/corra/OneDrive/Documentos/GitHub/SwitchVGA/src/ascii_test.v Line: 1
Info (12021): Found 1 design units, including 1 entities, in source file src/screen_ram.v
    Info (12023): Found entity 1: screen_ram File: C:/Users/corra/OneDrive/Documentos/GitHub/SwitchVGA/src/screen_ram.v Line: 1
Info (12021): Found 1 design units, including 1 entities, in source file src/switchvga.v
    Info (12023): Found entity 1: SwitchVGA File: C:/Users/corra/OneDrive/Documentos/GitHub/SwitchVGA/src/SwitchVGA.v Line: 1
Info (12021): Found 1 design units, including 1 entities, in source file src/top_vga_display.v
    Info (12023): Found entity 1: top_vga_display File: C:/Users/corra/OneDrive/Documentos/GitHub/SwitchVGA/src/top_vga_display.v Line: 1
Info (12021): Found 1 design units, including 1 entities, in source file src/to_ascii.v
    Info (12023): Found entity 1: to_ascii File: C:/Users/corra/OneDrive/Documentos/GitHub/SwitchVGA/src/to_ascii.v Line: 1
Warning (10236): Verilog HDL Implicit Net warning at top_vga_display.v(20): created implicit net for "reset" File: C:/Users/corra/OneDrive/Documentos/GitHub/SwitchVGA/src/top_vga_display.v Line: 20
Info (12127): Elaborating entity "SwitchVGA" for the top level hierarchy
Info (12128): Elaborating entity "top_vga_display" for hierarchy "top_vga_display:display" File: C:/Users/corra/OneDrive/Documentos/GitHub/SwitchVGA/src/SwitchVGA.v Line: 27
Info (12128): Elaborating entity "ascii_char" for hierarchy "top_vga_display:display|ascii_char:ascii_char" File: C:/Users/corra/OneDrive/Documentos/GitHub/SwitchVGA/src/top_vga_display.v Line: 24
Warning (10230): Verilog HDL assignment warning at ascii_test.v(24): truncated value with size 12 to match size of target (11) File: C:/Users/corra/OneDrive/Documentos/GitHub/SwitchVGA/src/ascii_test.v Line: 24
Info (12128): Elaborating entity "char_rom" for hierarchy "top_vga_display:display|ascii_char:ascii_char|char_rom:rom" File: C:/Users/corra/OneDrive/Documentos/GitHub/SwitchVGA/src/ascii_test.v Line: 21
Warning (10306): Invalid value "block" for synthesis attribute "ramstyle" at src/char_rom_file.v(7) File: C:/Users/corra/OneDrive/Documentos/GitHub/SwitchVGA/src/char_rom_file.v Line: 7
Warning (10850): Verilog HDL warning at char_rom_file.v(10): number of words (2020) in memory file does not match the number of elements in the address range [0:4095] File: C:/Users/corra/OneDrive/Documentos/GitHub/SwitchVGA/src/char_rom_file.v Line: 10
Warning (10030): Net "rom.data_a" at char_rom_file.v(7) has no driver or initial value, using a default initial value '0' File: C:/Users/corra/OneDrive/Documentos/GitHub/SwitchVGA/src/char_rom_file.v Line: 7
Warning (10030): Net "rom.waddr_a" at char_rom_file.v(7) has no driver or initial value, using a default initial value '0' File: C:/Users/corra/OneDrive/Documentos/GitHub/SwitchVGA/src/char_rom_file.v Line: 7
Warning (10030): Net "rom.we_a" at char_rom_file.v(7) has no driver or initial value, using a default initial value '0' File: C:/Users/corra/OneDrive/Documentos/GitHub/SwitchVGA/src/char_rom_file.v Line: 7
Info (12128): Elaborating entity "to_ascii" for hierarchy "top_vga_display:display|to_ascii:to_ascii" File: C:/Users/corra/OneDrive/Documentos/GitHub/SwitchVGA/src/top_vga_display.v Line: 29
Info (12128): Elaborating entity "screen_ram" for hierarchy "top_vga_display:display|screen_ram:screen_ram" File: C:/Users/corra/OneDrive/Documentos/GitHub/SwitchVGA/src/top_vga_display.v Line: 38
Warning (10306): Invalid value "block" for synthesis attribute "ramstyle" at src/screen_ram.v(8) File: C:/Users/corra/OneDrive/Documentos/GitHub/SwitchVGA/src/screen_ram.v Line: 8
Warning (10999): Verilog HDL warning at screen_ram.v(8): can't infer memory for variable 'screenRam' with attribute '"block"'. File: C:/Users/corra/OneDrive/Documentos/GitHub/SwitchVGA/src/screen_ram.v Line: 8
Warning (10850): Verilog HDL warning at screen_ram.v(11): number of words (5000) in memory file does not match the number of elements in the address range [0:4095] File: C:/Users/corra/OneDrive/Documentos/GitHub/SwitchVGA/src/screen_ram.v Line: 11
Info (12128): Elaborating entity "vga_controller" for hierarchy "vga_controller:vga" File: C:/Users/corra/OneDrive/Documentos/GitHub/SwitchVGA/src/SwitchVGA.v Line: 38
Info (12128): Elaborating entity "clock50_25" for hierarchy "vga_controller:vga|clock50_25:c" File: C:/Users/corra/OneDrive/Documentos/GitHub/SwitchVGA/src/vga_controller.v Line: 27
Info (276014): Found 1 instances of uninferred RAM logic
    Info (276007): RAM logic "top_vga_display:display|ascii_char:ascii_char|char_rom:rom|rom" is uninferred due to asynchronous read logic File: C:/Users/corra/OneDrive/Documentos/GitHub/SwitchVGA/src/char_rom_file.v Line: 7
Warning (127007): Memory Initialization File or Hexadecimal (Intel-Format) File "C:/Users/corra/OneDrive/Documentos/GitHub/SwitchVGA/db/SwitchVGA.ram0_char_rom_78878f8d.hdl.mif" contains "don't care" values -- overwriting them with 0s
Warning (12241): 1 hierarchies have connectivity warnings - see the Connectivity Checks report folder
Warning (13024): Output pins are stuck at VCC or GND
    Warning (13410): Pin "VGA_SYNC_N" is stuck at GND File: C:/Users/corra/OneDrive/Documentos/GitHub/SwitchVGA/src/SwitchVGA.v Line: 9
Info (286030): Timing-Driven Synthesis is running
Info (17049): 1 registers lost all their fanouts during netlist optimizations.
Info (144001): Generated suppressed messages file C:/Users/corra/OneDrive/Documentos/GitHub/SwitchVGA/output_files/SwitchVGA.map.smsg
Info (16010): Generating hard_block partition "hard_block:auto_generated_inst"
    Info (16011): Adding 0 node(s), including 0 DDIO, 0 PLL, 0 transceiver and 0 LCELL
Info (21057): Implemented 326 device resources after synthesis - the final resource count might be different
    Info (21058): Implemented 6 input pins
    Info (21059): Implemented 29 output pins
    Info (21061): Implemented 291 logic cells
Info: Quartus Prime Analysis & Synthesis was successful. 0 errors, 15 warnings
    Info: Peak virtual memory: 4924 megabytes
    Info: Processing ended: Wed May 21 14:51:44 2025
    Info: Elapsed time: 00:00:41
    Info: Total CPU time (on all processors): 00:00:47


+------------------------------------------+
; Analysis & Synthesis Suppressed Messages ;
+------------------------------------------+
The suppressed messages can be found in C:/Users/corra/OneDrive/Documentos/GitHub/SwitchVGA/output_files/SwitchVGA.map.smsg.


